#
# A fatal error has been detected by the Java Runtime Environment:
#
#  EXCEPTION_ACCESS_VIOLATION (0xc0000005) at pc=0x00007ff8a7d0016e, pid=16904, tid=13768
#
# JRE version:  (24.0.2+12) (build )
# Java VM: Java HotSpot(TM) 64-Bit Server VM (24.0.2+12-54, mixed mode, sharing, tiered, compressed oops, compressed class ptrs, g1 gc, windows-amd64)
# Problematic frame:
# V  [jvm.dll+0x34016e]
#
# No core dump will be written. Minidumps are not enabled by default on client versions of Windows
#
#

---------------  S U M M A R Y ------------

Command Line: -Xmx16m org.eclipse.jdt.internal.launching.support.LibraryDetector

Host: AMD Ryzen 5 5500U with Radeon Graphics         , 12 cores, 15G,  Windows 11 , 64 bit Build 26100 (10.0.26100.7019)
Time: Mon Nov 24 23:11:12 2025 India Standard Time elapsed time: 0.025508 seconds (0d 0h 0m 0s)

---------------  T H R E A D  ---------------

Current thread (0x0000021496389600):  JavaThread "Unknown thread" [_thread_in_vm, id=13768, stack(0x0000004790000000,0x0000004790100000) (1024K)]

Stack: [0x0000004790000000,0x0000004790100000],  sp=0x00000047900fe8e0,  free space=1018k
Native frames: (J=compiled Java code, j=interpreted, Vv=VM code, C=native code)
V  [jvm.dll+0x34016e]  (no source info available)
V  [jvm.dll+0x340d28]  (no source info available)
V  [jvm.dll+0x6d4083]  (no source info available)
V  [jvm.dll+0x6d4328]  (no source info available)
V  [jvm.dll+0x6d3441]  (no source info available)
V  [jvm.dll+0x6ce497]  (no source info available)
V  [jvm.dll+0x89d556]  (no source info available)
V  [jvm.dll+0x3f979d]  (no source info available)
V  [jvm.dll+0x885b66]  (no source info available)
V  [jvm.dll+0x495e7e]  (no source info available)
V  [jvm.dll+0x497c51]  (no source info available)
C  [jli.dll+0x52a1]  (no source info available)
C  [ucrtbase.dll+0x37b0]  (no source info available)
C  [KERNEL32.DLL+0x2e8d7]  (no source info available)
C  [ntdll.dll+0x8c53c]  (no source info available)


siginfo: EXCEPTION_ACCESS_VIOLATION (0xc0000005), reading address 0x0000000000000000


Registers:
RAX=0x00006753fef8d101, RBX=0x0000021498794c60, RCX=0x0000000000000000, RDX=0x0000000000000001
RSP=0x00000047900fe8e0, RBP=0x0000000000000001, RSI=0x00000214ab42d988, RDI=0x0000000000000000
R8 =0x0000000000000001, R9 =0x0000000000000001, R10=0x00007ff8a83bb298, R11=0x00000047900fe958
R12=0x0000000000000000, R13=0x0000000000000001, R14=0x0000000000000001, R15=0x0000000000000000
RIP=0x00007ff8a7d0016e, EFLAGS=0x0000000000010246

XMM[0]=0x0000000000000000 0x0000000000000000
XMM[1]=0x0000000000000000 0x0000000000000000
XMM[2]=0x0000000000000000 0x0000000000000000
XMM[3]=0x0000000000000000 0x0000000000000000
XMM[4]=0x0000000000000000 0x0000000000000000
XMM[5]=0x0000000000000000 0x0000000000000000
XMM[6]=0x0000000000000000 0x0000000000000000
XMM[7]=0x0000000000000000 0x0000000000000000
XMM[8]=0x0000000000000000 0x0000000000000000
XMM[9]=0x0000000000000000 0x0000000000000000
XMM[10]=0x0000000000000000 0x0000000000000000
XMM[11]=0x0000000000000000 0x0000000000000000
XMM[12]=0x0000000000000000 0x0000000000000000
XMM[13]=0x0000000000000000 0x0000000000000000
XMM[14]=0x0000000000000000 0x0000000000000000
XMM[15]=0x0000000000000000 0x0000000000000000
  MXCSR=0x00001fa0


Top of Stack: (sp=0x00000047900fe8e0)
0x00000047900fe8e0:   0000021498794c60 00007ff8a7cfbec9   `Ly.............
0x00000047900fe8f0:   0000021498794c60 0000020cab000000   `Ly.............
0x00000047900fe900:   00000214ab4a0000 00000214abd40000   ..J.............
0x00000047900fe910:   00000047900fe920 0000000000000000    ...G...........
0x00000047900fe920:   00000214ab000000 0000000001000000   ................
0x00000047900fe930:   00006753fef8d1f1 0000000000010000   ....Sg..........
0x00000047900fe940:   0000000000000001 0000000000000000   ................
0x00000047900fe950:   0000000000000000 00007ff8a7d00d28   ........(.......
0x00000047900fe960:   00000214ab000000 0000021498794c60   ........`Ly.....
0x00000047900fe970:   0000000000000000 0000000000000000   ................
0x00000047900fe980:   00000214ab000000 00000214ab000000   ................
0x00000047900fe990:   0000000000000000 00007ff8a8094083   .........@......
0x00000047900fe9a0:   0000021498794c60 0000021498794c60   `Ly.....`Ly.....
0x00000047900fe9b0:   00000047900feb40 00000214ab000000   @...G...........
0x00000047900fe9c0:   00000047900fe9f0 00000214ac000000   ....G...........
0x00000047900fe9d0:   0000000040000000 0000000000000000   ...@............
0x00000047900fe9e0:   0000000001000000 0000000000001000   ................
0x00000047900fe9f0:   00000214ab000000 0000000001000000   ................
0x00000047900fea00:   0000000000000000 0000000000010000   ................
0x00000047900fea10:   0000000000001000 ffffffff799a8e00   ...........y....
0x00000047900fea20:   0000000000eb0000 0000021498794c60   ........`Ly.....
0x00000047900fea30:   0000000000000000 00007ff8a8094328   ........(C......
0x00000047900fea40:   0000000000000000 0000021498794c60   ........`Ly.....
0x00000047900fea50:   0000000000000000 0000000000000000   ................
0x00000047900fea60:   00000047900fea70 00000047900feaa8   p...G.......G...
0x00000047900fea70:   00000214ab000000 0000000001000000   ................
0x00000047900fea80:   0000000000000000 0000000000010000   ................
0x00000047900fea90:   0000000000001000 ffffffff799a8e00   ...........y....
0x00000047900feaa0:   0000000000eb0000 00000214ac000000   ................
0x00000047900feab0:   0000000040000000 0000000000000000   ...@............
0x00000047900feac0:   0000000001000000 0000000000001000   ................
0x00000047900fead0:   ffffffff799a8e00 0000000000eb0000   ...y............

Instructions: (pc=0x00007ff8a7d0016e)
  0x00007ff8a7d0006e:   36 ba 6b 00 48 8d 15 37 ba 6b 00 4c 8b c2 48 8d
  0x00007ff8a7d0007e:   0d fd b1 6f 00 4c 0f 45 c0 80 bb 95 01 00 00 00
  0x00007ff8a7d0008e:   48 0f 45 d0 e8 d9 9b d8 ff 32 c0 48 83 c4 20 5b
  0x00007ff8a7d0009e:   c3 80 bb f9 02 00 00 00 75 1d e8 c3 9b eb ff 48
  0x00007ff8a7d000ae:   8b 05 7c 76 94 00 48 85 c0 74 0c 48 8d 0d 60 b2
  0x00007ff8a7d000be:   6f 00 e8 bb 36 d8 ff 81 3b a2 ab 0b f0 75 31 80
  0x00007ff8a7d000ce:   bb fb 02 00 00 00 75 0c 48 8d 0d ab b2 6f 00 e8
  0x00007ff8a7d000de:   4e 9b eb ff 80 bb fc 02 00 00 00 b9 01 00 00 00
  0x00007ff8a7d000ee:   0f b6 05 8e 93 94 00 0f 45 c1 88 05 85 93 94 00
  0x00007ff8a7d000fe:   b0 01 48 83 c4 20 5b c3 48 8b 05 2b 76 94 00 48
  0x00007ff8a7d0010e:   85 c0 74 0c 48 8d 0d c7 b0 6f 00 e8 52 9b d8 ff
  0x00007ff8a7d0011e:   32 c0 48 83 c4 20 5b c3 cc cc cc cc cc cc cc cc
  0x00007ff8a7d0012e:   cc cc 4c 8b dc 57 48 83 ec 70 48 8b 05 29 8e 91
  0x00007ff8a7d0013e:   00 48 33 c4 48 89 44 24 50 49 89 5b 10 49 89 6b
  0x00007ff8a7d0014e:   18 0f b6 ea 49 89 73 f0 48 8b f1 e8 22 9a eb ff
  0x00007ff8a7d0015e:   84 c0 74 17 80 3e 00 75 12 48 8b 0d f2 c0 94 00
=>0x00007ff8a7d0016e:   48 8b 01 ff 50 20 48 8b d8 eb 08 48 8b 5e 18 48
  0x00007ff8a7d0017e:   83 c3 04 48 8b 05 98 c1 94 00 40 b7 01 48 85 c0
  0x00007ff8a7d0018e:   74 0f 48 8b d3 48 8d 0d 96 90 6f 00 e8 91 16 f0
  0x00007ff8a7d0019e:   ff 48 8d 54 24 20 48 8b cb e8 e4 ea 3e 00 85 c0
  0x00007ff8a7d001ae:   74 28 40 84 ed 74 23 48 8b 05 7c 75 94 00 48 85
  0x00007ff8a7d001be:   c0 74 47 48 8b d3 48 8d 0d 8d 90 6f 00 e8 a0 9a
  0x00007ff8a7d001ce:   d8 ff 40 32 ff e9 31 01 00 00 80 3e 02 75 33 48
  0x00007ff8a7d001de:   8b cb e8 2b 83 3e 00 84 c0 0f 85 1c 01 00 00 48
  0x00007ff8a7d001ee:   8b 05 44 75 94 00 48 85 c0 74 0f 48 8b d3 48 8d
  0x00007ff8a7d001fe:   0d 85 90 6f 00 e8 68 9a d8 ff 40 32 ff e9 f9 00
  0x00007ff8a7d0020e:   00 00 48 8b 46 08 48 63 6c 24 34 4c 89 74 24 60
  0x00007ff8a7d0021e:   4c 8b 76 10 48 85 c0 74 0d 48 3b 44 24 40 74 06
  0x00007ff8a7d0022e:   40 0f b6 f7 eb 0c 40 32 f6 4c 3b f5 0f 84 c4 00
  0x00007ff8a7d0023e:   00 00 48 8b 05 f1 74 94 00 40 32 ff 40 38 3d 52
  0x00007ff8a7d0024e:   72 95 00 74 28 48 85 c0 0f 84 a8 00 00 00 40 84
  0x00007ff8a7d0025e:   f6 48 8d 05 42 90 6f 00 48 8d 0d 53 90 6f 00 48


Lock stack of current Java thread (top to bottom):


---------------  P R O C E S S  ---------------

Threads class SMR info:
_java_thread_list=0x00007ff8a85ff318, length=0, elements={
}

Java Threads: ( => current thread )
Total: 0

Other Threads:
  0x000002149873ac20 WorkerThread "GC Thread#0"                     [id=19048, stack(0x0000004790100000,0x0000004790200000) (1024K)]
  0x000002149873bc30 ConcurrentGCThread "G1 Main Marker"            [id=14088, stack(0x0000004790200000,0x0000004790300000) (1024K)]
  0x000002149873c740 WorkerThread "G1 Conc#0"                       [id=18628, stack(0x0000004790300000,0x0000004790400000) (1024K)]
  0x000002149878d070 ConcurrentGCThread "G1 Refine#0"               [id=2012, stack(0x0000004790400000,0x0000004790500000) (1024K)]
  0x000002149878eaa0 ConcurrentGCThread "G1 Service"                [id=11376, stack(0x0000004790500000,0x0000004790600000) (1024K)]

=>0x0000021496389600 (exited) JavaThread "Unknown thread"    [_thread_in_vm, id=13768, stack(0x0000004790000000,0x0000004790100000) (1024K)]
Total: 6

Threads with active compile tasks:
Total: 0

VM state: not at safepoint (not fully initialized)

VM Mutex/Monitor currently owned by a thread: None

Heap address: 0x00000000ff000000, size: 16 MB, Compressed Oops mode: 32-bit

CDS archive(s) mapped at: [0x0000000000000000-0x0000000000000000-0x0000000000000000), size 0, SharedBaseAddress: 0x0000000800000000, ArchiveRelocationMode: 1.
UseCompressedClassPointers 1, UseCompactObjectHeaders 0
Narrow klass pointer bits 32, Max shift 3
Narrow klass base: 0xffffffffffffffff, Narrow klass shift: -1
Encoding Range: [0xffffffffffffffff - 0x000000007fffffff), (2147483648 bytes)
Klass Range:    [0x0000000000000000 - 0x0000000000000000), (0 bytes)
Klass ID Range:  [4294967295 - 0) (1)

GC Precious Log:
 CardTable entry size: 512
 Card Set container configuration: InlinePtr #cards 5 size 8 Array Of Cards #cards 10 size 36 Howl #buckets 4 coarsen threshold 1843 Howl Bitmap #cards 512 size 80 coarsen threshold 460 Card regions per heap region 1 cards per card region 2048
 CPUs: 12 total, 12 available
 Memory: 15706M
 Large Page Support: Disabled
 NUMA Support: Disabled
 Compressed Oops: Enabled (32-bit)
 Heap Region Size: 1M
 Heap Min Capacity: 8M
 Heap Initial Capacity: 16M
 Heap Max Capacity: 16M
 Pre-touch: Disabled
 Parallel Workers: 10
 Concurrent Workers: 3
 Concurrent Refinement Workers: 10
 Periodic GC: Disabled

Heap:
 garbage-first heap   total reserved 16384K, committed 16384K, used 0K [0x00000000ff000000, 0x0000000100000000)
  region size 1024K, 0 young (0K), 0 survivors (0K)

[error occurred during error reporting (printing heap information), id 0xc0000005, EXCEPTION_ACCESS_VIOLATION (0xc0000005) at pc=0x00007ff8a814e679]
GC Heap History (0 events):
No events

Dll operation events (1 events):
Event: 0.009 Loaded shared library C:\Program Files\Java\jdk-24\bin\java.dll

Deoptimization events (0 events):
No events

Classes loaded (0 events):
No events

Classes unloaded (0 events):
No events

Classes redefined (0 events):
No events

Internal exceptions (0 events):
No events

VM Operations (0 events):
No events

Memory protections (0 events):
No events

Nmethod flushes (0 events):
No events

Events (0 events):
No events


Dynamic libraries:
0x00007ff69b7c0000 - 0x00007ff69b7d0000 	C:\Program Files\Java\jdk-24\bin\javaw.exe
0x00007ff97c040000 - 0x00007ff97c2a8000 	C:\WINDOWS\SYSTEM32\ntdll.dll
0x00007ff97baf0000 - 0x00007ff97bbb9000 	C:\WINDOWS\System32\KERNEL32.DLL
0x00007ff979440000 - 0x00007ff979838000 	C:\WINDOWS\System32\KERNELBASE.dll
0x00007ff979870000 - 0x00007ff9799bb000 	C:\WINDOWS\System32\ucrtbase.dll
0x00007ff94e7f0000 - 0x00007ff94e806000 	C:\Program Files\Java\jdk-24\bin\jli.dll
0x00007ff94b220000 - 0x00007ff94b23b000 	C:\Program Files\Java\jdk-24\bin\VCRUNTIME140.dll
0x00007ff97bbc0000 - 0x00007ff97bd87000 	C:\WINDOWS\System32\USER32.dll
0x00007ff979840000 - 0x00007ff979867000 	C:\WINDOWS\System32\win32u.dll
0x00007ff9668f0000 - 0x00007ff966b84000 	C:\WINDOWS\WinSxS\amd64_microsoft.windows.common-controls_6595b64144ccf1df_6.0.26100.7019_none_3e06ffa0e335b8a8\COMCTL32.dll
0x00007ff97a2f0000 - 0x00007ff97a31b000 	C:\WINDOWS\System32\GDI32.dll
0x00007ff979190000 - 0x00007ff9792bc000 	C:\WINDOWS\System32\gdi32full.dll
0x00007ff97b480000 - 0x00007ff97b529000 	C:\WINDOWS\System32\msvcrt.dll
0x00007ff979d30000 - 0x00007ff979dd3000 	C:\WINDOWS\System32\msvcp_win.dll
0x00007ff97be10000 - 0x00007ff97be41000 	C:\WINDOWS\System32\IMM32.DLL
0x00007ff95dd50000 - 0x00007ff95dd5c000 	C:\Program Files\Java\jdk-24\bin\vcruntime140_1.dll
0x00007ff921ce0000 - 0x00007ff921d6e000 	C:\Program Files\Java\jdk-24\bin\msvcp140.dll
0x00007ff8a79c0000 - 0x00007ff8a8761000 	C:\Program Files\Java\jdk-24\bin\server\jvm.dll
0x00007ff97a430000 - 0x00007ff97a4e4000 	C:\WINDOWS\System32\ADVAPI32.dll
0x00007ff97a4f0000 - 0x00007ff97a596000 	C:\WINDOWS\System32\sechost.dll
0x00007ff97b6f0000 - 0x00007ff97b808000 	C:\WINDOWS\System32\RPCRT4.dll
0x00007ff97bd90000 - 0x00007ff97be04000 	C:\WINDOWS\System32\WS2_32.dll
0x00007ff978e50000 - 0x00007ff978eae000 	C:\WINDOWS\SYSTEM32\POWRPROF.dll
0x00007ff970800000 - 0x00007ff970835000 	C:\WINDOWS\SYSTEM32\WINMM.dll
0x00007ff970840000 - 0x00007ff97084b000 	C:\WINDOWS\SYSTEM32\VERSION.dll
0x00007ff978e30000 - 0x00007ff978e44000 	C:\WINDOWS\SYSTEM32\UMPDC.dll
0x00007ff977f50000 - 0x00007ff977f6b000 	C:\WINDOWS\SYSTEM32\kernel.appcore.dll
0x00007ff959b40000 - 0x00007ff959b4a000 	C:\Program Files\Java\jdk-24\bin\jimage.dll
0x00007ff976960000 - 0x00007ff976ba2000 	C:\WINDOWS\SYSTEM32\DBGHELP.DLL
0x00007ff97b0b0000 - 0x00007ff97b43b000 	C:\WINDOWS\System32\combase.dll
0x00007ff97af50000 - 0x00007ff97b027000 	C:\WINDOWS\System32\OLEAUT32.dll
0x00007ff961d90000 - 0x00007ff961dcc000 	C:\WINDOWS\SYSTEM32\dbgcore.DLL
0x00007ff979b10000 - 0x00007ff979bb5000 	C:\WINDOWS\System32\bcryptPrimitives.dll
0x00007ff947b90000 - 0x00007ff947bae000 	C:\Program Files\Java\jdk-24\bin\java.dll
0x00007ff97be50000 - 0x00007ff97bfe7000 	C:\WINDOWS\System32\ole32.dll
0x00007ff97a7f0000 - 0x00007ff97af3f000 	C:\WINDOWS\System32\SHELL32.dll
0x00007ff979bc0000 - 0x00007ff979d2b000 	C:\WINDOWS\System32\wintypes.dll

JVMTI agents: none

dbghelp: loaded successfully - version: 4.0.5 - missing functions: none
symbol engine: initialized successfully - sym options: 0x614 - pdb path: .;C:\Program Files\Java\jdk-24\bin;C:\WINDOWS\SYSTEM32;C:\WINDOWS\WinSxS\amd64_microsoft.windows.common-controls_6595b64144ccf1df_6.0.26100.7019_none_3e06ffa0e335b8a8;C:\Program Files\Java\jdk-24\bin\server

VM Arguments:
jvm_args: -Xmx16m 
java_command: org.eclipse.jdt.internal.launching.support.LibraryDetector
java_class_path (initial): C:\Users\punit\AppData\Roaming\Code\User\globalStorage\redhat.java\1.49.0\config_ss_win\org.eclipse.osgi\39\0\.cp\lib\launchingsupport.jar
Launcher Type: SUN_STANDARD

[Global flags]
     intx CICompilerCount                          = 4                                         {product} {ergonomic}
     uint ConcGCThreads                            = 3                                         {product} {ergonomic}
     uint G1ConcRefinementThreads                  = 10                                        {product} {ergonomic}
   size_t G1HeapRegionSize                         = 1048576                                   {product} {ergonomic}
   size_t InitialHeapSize                          = 16777216                                  {product} {ergonomic}
   size_t MarkStackSize                            = 4194304                                   {product} {ergonomic}
   size_t MarkStackSizeMax                         = 536870912                                 {product} {ergonomic}
   size_t MaxHeapSize                              = 16777216                                  {product} {command line}
   size_t MaxNewSize                               = 9437184                                   {product} {ergonomic}
   size_t MinHeapDeltaBytes                        = 1048576                                   {product} {ergonomic}
   size_t MinHeapSize                              = 8388608                                   {product} {ergonomic}
    uintx NonNMethodCodeHeapSize                   = 5832704                                {pd product} {ergonomic}
    uintx NonProfiledCodeHeapSize                  = 122945536                              {pd product} {ergonomic}
    uintx ProfiledCodeHeapSize                     = 122880000                              {pd product} {ergonomic}
    uintx ReservedCodeCacheSize                    = 251658240                              {pd product} {ergonomic}
     bool SegmentedCodeCache                       = true                                      {product} {ergonomic}
   size_t SoftMaxHeapSize                          = 16777216                               {manageable} {ergonomic}
     bool UseCompressedOops                        = true                           {product lp64_product} {ergonomic}
     bool UseG1GC                                  = true                                      {product} {ergonomic}
     bool UseLargePagesIndividualAllocation        = false                                  {pd product} {ergonomic}

Logging:
Log output configuration:
 #0: stdout all=warning uptime,level,tags foldmultilines=false
 #1: stderr all=off uptime,level,tags foldmultilines=false

Environment Variables:
PATH=C:\Program Files\Python312\Scripts\;C:\Program Files\Python312\;C:\WINDOWS\system32;C:\WINDOWS;C:\WINDOWS\System32\Wbem;C:\WINDOWS\System32\WindowsPowerShell\v1.0\;C:\WINDOWS\System32\OpenSSH\;C:\MinGW\bin;C:\Program Files\MySQL\MySQL Server 8.0\bin;C:\Program Files\nodejs\;C:\Program Files\Go\bin;C:\Users\punit\Downloads\mongosh-2.5.6-win32-x64\mongosh-2.5.6-win32-x64\bin;C:\Program Files\Docker\Docker\resources\bin;C:\Program Files\Amazon\AWSCLIV2\;C:\Program Files\Git\cmd;C:\Program Files\Git\mingw64\bin;C:\Program Files\Git\usr\bin;C:\Users\punit\AppData\Local\Programs\Python\Python313\Scripts\;C:\Users\punit\AppData\Local\Programs\Python\Python313\;C:\Users\punit\AppData\Local\Programs\Python\Launcher\;C:\Users\punit\AppData\Local\Microsoft\WindowsApps;C:\Users\punit\AppData\Local\Programs\Microsoft VS Code\bin;%PyCharm%;C:\Users\punit\AppData\Roaming\npm;C:\Users\punit\go\bin;C:\Users\punit\AppData\Local\Programs\cursor\resources\app\bin;C:\Users\punit\AppData\Local\Programs\Windsurf\bin;C:\Users\punit\AppData\Local\Programs\Antigravity\bin
USERNAME=punit
OS=Windows_NT
PROCESSOR_IDENTIFIER=AMD64 Family 23 Model 104 Stepping 1, AuthenticAMD
TMP=C:\Users\punit\AppData\Local\Temp
TEMP=C:\Users\punit\AppData\Local\Temp




Periodic native trim disabled

---------------  S Y S T E M  ---------------

OS:
 Windows 11 , 64 bit Build 26100 (10.0.26100.7019)
OS uptime: 0 days 0:48 hours
Hyper-V role detected

CPU: total 12 (initial active 12) (12 cores per cpu, 2 threads per core) family 23 model 104 stepping 1 microcode 0x8608103, cx8, cmov, fxsr, ht, mmx, 3dnowpref, sse, sse2, sse3, ssse3, sse4a, sse4.1, sse4.2, popcnt, lzcnt, tsc, tscinvbit, avx, avx2, aes, clmul, bmi1, bmi2, adx, sha, fma, vzeroupper, clflush, clflushopt, hv, rdtscp, rdpid, f16c
Processor Information for processor 0
  Max Mhz: 2100, Current Mhz: 2100, Mhz Limit: 2100
Processor Information for processor 1
  Max Mhz: 2100, Current Mhz: 2100, Mhz Limit: 2100
Processor Information for processor 2
  Max Mhz: 2100, Current Mhz: 2100, Mhz Limit: 2100
Processor Information for processor 3
  Max Mhz: 2100, Current Mhz: 2100, Mhz Limit: 2100
Processor Information for processor 4
  Max Mhz: 2100, Current Mhz: 1988, Mhz Limit: 2100
Processor Information for processor 5
  Max Mhz: 2100, Current Mhz: 2100, Mhz Limit: 2100
Processor Information for processor 6
  Max Mhz: 2100, Current Mhz: 2100, Mhz Limit: 2100
Processor Information for processor 7
  Max Mhz: 2100, Current Mhz: 2100, Mhz Limit: 2100
Processor Information for processor 8
  Max Mhz: 2100, Current Mhz: 2100, Mhz Limit: 2100
Processor Information for processor 9
  Max Mhz: 2100, Current Mhz: 2100, Mhz Limit: 2100
Processor Information for processor 10
  Max Mhz: 2100, Current Mhz: 2100, Mhz Limit: 2100
Processor Information for processor 11
  Max Mhz: 2100, Current Mhz: 2100, Mhz Limit: 2100

Memory: 4k page, system-wide physical 15706M (5534M free)
TotalPageFile size 16730M (AvailPageFile size 1749M)
current process WorkingSet (physical memory assigned to process): 27M, peak: 27M
current process commit charge ("private bytes"): 93M, peak: 93M

vm_info: Java HotSpot(TM) 64-Bit Server VM (24.0.2+12-54) for windows-amd64 JRE (24.0.2+12-54), built on 2025-07-08T12:10:27Z with MS VC++ 17.6 (VS2022)

END.
