#
# A fatal error has been detected by the Java Runtime Environment:
#
#  EXCEPTION_ACCESS_VIOLATION (0xc0000005) at pc=0x00007ff8a7d0016e, pid=17780, tid=6192
#
# JRE version:  (24.0.2+12) (build )
# Java VM: Java HotSpot(TM) 64-Bit Server VM (24.0.2+12-54, mixed mode, sharing, tiered, compressed oops, compressed class ptrs, g1 gc, windows-amd64)
# Problematic frame:
# V  [jvm.dll+0x34016e]
#
# No core dump will be written. Minidumps are not enabled by default on client versions of Windows
#
#

---------------  S U M M A R Y ------------

Command Line: -Xmx16m org.eclipse.jdt.internal.launching.support.LibraryDetector

Host: AMD Ryzen 5 5500U with Radeon Graphics         , 12 cores, 15G,  Windows 11 , 64 bit Build 26100 (10.0.26100.7019)
Time: Mon Nov 24 23:11:12 2025 India Standard Time elapsed time: 0.035752 seconds (0d 0h 0m 0s)

---------------  T H R E A D  ---------------

Current thread (0x00000130d42d5cd0):  JavaThread "Unknown thread" [_thread_in_vm, id=6192, stack(0x0000000369100000,0x0000000369200000) (1024K)]

Stack: [0x0000000369100000,0x0000000369200000],  sp=0x00000003691fe8b0,  free space=1018k
Native frames: (J=compiled Java code, j=interpreted, Vv=VM code, C=native code)
